{"/home/elbala2/Repositorios/AtomUtils/src/index.ts": {"path":"/home/elbala2/Repositorios/AtomUtils/src/index.ts","all":true,"statementMap":{"0":{"start":{"line":1,"column":0},"end":{"line":1,"column":3}},"1":{"start":{"line":2,"column":0},"end":{"line":2,"column":54}},"2":{"start":{"line":3,"column":0},"end":{"line":3,"column":20}},"3":{"start":{"line":4,"column":0},"end":{"line":4,"column":3}},"4":{"start":{"line":5,"column":0},"end":{"line":5,"column":0}},"5":{"start":{"line":6,"column":0},"end":{"line":6,"column":35}}},"s":{"0":0,"1":0,"2":0,"3":0,"4":0,"5":0},"branchMap":{"0":{"type":"branch","line":1,"loc":{"start":{"line":1,"column":120},"end":{"line":6,"column":35}},"locations":[{"start":{"line":1,"column":120},"end":{"line":6,"column":35}}]}},"b":{"0":[0]},"fnMap":{"0":{"name":"(empty-report)","decl":{"start":{"line":1,"column":120},"end":{"line":6,"column":35}},"loc":{"start":{"line":1,"column":120},"end":{"line":6,"column":35}},"line":1}},"f":{"0":0}}
,"/home/elbala2/Repositorios/AtomUtils/src/Object/index.ts": {"path":"/home/elbala2/Repositorios/AtomUtils/src/Object/index.ts","all":false,"statementMap":{"0":{"start":{"line":1,"column":0},"end":{"line":1,"column":3}},"1":{"start":{"line":2,"column":0},"end":{"line":2,"column":53}},"2":{"start":{"line":3,"column":0},"end":{"line":3,"column":34}},"3":{"start":{"line":4,"column":0},"end":{"line":4,"column":33}},"4":{"start":{"line":5,"column":0},"end":{"line":5,"column":26}},"5":{"start":{"line":6,"column":0},"end":{"line":6,"column":3}},"6":{"start":{"line":7,"column":0},"end":{"line":7,"column":48}},"7":{"start":{"line":8,"column":0},"end":{"line":8,"column":16}},"8":{"start":{"line":9,"column":0},"end":{"line":9,"column":38}},"9":{"start":{"line":10,"column":0},"end":{"line":10,"column":25}},"10":{"start":{"line":11,"column":0},"end":{"line":11,"column":0}},"11":{"start":{"line":12,"column":0},"end":{"line":12,"column":8}},"12":{"start":{"line":13,"column":0},"end":{"line":13,"column":29}},"13":{"start":{"line":14,"column":0},"end":{"line":14,"column":50}},"14":{"start":{"line":15,"column":0},"end":{"line":15,"column":22}},"15":{"start":{"line":16,"column":0},"end":{"line":16,"column":23}},"16":{"start":{"line":17,"column":0},"end":{"line":17,"column":0}},"17":{"start":{"line":18,"column":0},"end":{"line":18,"column":44}},"18":{"start":{"line":19,"column":0},"end":{"line":19,"column":3}},"19":{"start":{"line":20,"column":0},"end":{"line":20,"column":0}},"20":{"start":{"line":21,"column":0},"end":{"line":21,"column":13}},"21":{"start":{"line":22,"column":0},"end":{"line":22,"column":1}},"22":{"start":{"line":23,"column":0},"end":{"line":23,"column":0}},"23":{"start":{"line":24,"column":0},"end":{"line":24,"column":3}},"24":{"start":{"line":25,"column":0},"end":{"line":25,"column":55}},"25":{"start":{"line":26,"column":0},"end":{"line":26,"column":34}},"26":{"start":{"line":27,"column":0},"end":{"line":27,"column":33}},"27":{"start":{"line":28,"column":0},"end":{"line":28,"column":32}},"28":{"start":{"line":29,"column":0},"end":{"line":29,"column":30}},"29":{"start":{"line":30,"column":0},"end":{"line":30,"column":3}},"30":{"start":{"line":31,"column":0},"end":{"line":31,"column":81}},"31":{"start":{"line":32,"column":0},"end":{"line":32,"column":31}},"32":{"start":{"line":33,"column":0},"end":{"line":33,"column":43}},"33":{"start":{"line":34,"column":0},"end":{"line":34,"column":0}},"34":{"start":{"line":35,"column":0},"end":{"line":35,"column":45}},"35":{"start":{"line":36,"column":0},"end":{"line":36,"column":24}},"36":{"start":{"line":37,"column":0},"end":{"line":37,"column":23}},"37":{"start":{"line":38,"column":0},"end":{"line":38,"column":0}},"38":{"start":{"line":39,"column":0},"end":{"line":39,"column":77}},"39":{"start":{"line":40,"column":0},"end":{"line":40,"column":0}},"40":{"start":{"line":41,"column":0},"end":{"line":41,"column":27}},"41":{"start":{"line":42,"column":0},"end":{"line":42,"column":3}},"42":{"start":{"line":43,"column":0},"end":{"line":43,"column":0}},"43":{"start":{"line":44,"column":0},"end":{"line":44,"column":40}},"44":{"start":{"line":45,"column":0},"end":{"line":45,"column":40}},"45":{"start":{"line":46,"column":0},"end":{"line":46,"column":0}},"46":{"start":{"line":47,"column":0},"end":{"line":47,"column":36}},"47":{"start":{"line":48,"column":0},"end":{"line":48,"column":1}},"48":{"start":{"line":49,"column":0},"end":{"line":49,"column":0}},"49":{"start":{"line":50,"column":0},"end":{"line":50,"column":3}},"50":{"start":{"line":51,"column":0},"end":{"line":51,"column":53}},"51":{"start":{"line":52,"column":0},"end":{"line":52,"column":34}},"52":{"start":{"line":53,"column":0},"end":{"line":53,"column":33}},"53":{"start":{"line":54,"column":0},"end":{"line":54,"column":30}},"54":{"start":{"line":55,"column":0},"end":{"line":55,"column":3}},"55":{"start":{"line":56,"column":0},"end":{"line":56,"column":69}},"56":{"start":{"line":57,"column":0},"end":{"line":57,"column":31}},"57":{"start":{"line":58,"column":0},"end":{"line":58,"column":29}},"58":{"start":{"line":59,"column":0},"end":{"line":59,"column":42}},"59":{"start":{"line":60,"column":0},"end":{"line":60,"column":61}},"60":{"start":{"line":61,"column":0},"end":{"line":61,"column":50}},"61":{"start":{"line":62,"column":0},"end":{"line":62,"column":36}},"62":{"start":{"line":63,"column":0},"end":{"line":63,"column":1}},"63":{"start":{"line":64,"column":0},"end":{"line":64,"column":0}},"64":{"start":{"line":65,"column":0},"end":{"line":65,"column":10}},"65":{"start":{"line":66,"column":0},"end":{"line":66,"column":40}},"66":{"start":{"line":67,"column":0},"end":{"line":67,"column":32}},"67":{"start":{"line":68,"column":0},"end":{"line":68,"column":32}},"68":{"start":{"line":69,"column":0},"end":{"line":69,"column":63}},"69":{"start":{"line":70,"column":0},"end":{"line":70,"column":3}},"70":{"start":{"line":71,"column":0},"end":{"line":71,"column":57}},"71":{"start":{"line":72,"column":0},"end":{"line":72,"column":33}},"72":{"start":{"line":73,"column":0},"end":{"line":73,"column":48}},"73":{"start":{"line":74,"column":0},"end":{"line":74,"column":51}},"74":{"start":{"line":75,"column":0},"end":{"line":75,"column":0}},"75":{"start":{"line":76,"column":0},"end":{"line":76,"column":33}},"76":{"start":{"line":77,"column":0},"end":{"line":77,"column":50}},"77":{"start":{"line":78,"column":0},"end":{"line":78,"column":74}},"78":{"start":{"line":79,"column":0},"end":{"line":79,"column":3}},"79":{"start":{"line":80,"column":0},"end":{"line":80,"column":0}},"80":{"start":{"line":81,"column":0},"end":{"line":81,"column":23}},"81":{"start":{"line":82,"column":0},"end":{"line":82,"column":1}}},"s":{"0":1,"1":1,"2":1,"3":1,"4":1,"5":1,"6":1,"7":13,"8":13,"9":23,"10":21,"11":21,"12":21,"13":21,"14":21,"15":23,"16":18,"17":18,"18":18,"19":8,"20":8,"21":8,"22":1,"23":1,"24":1,"25":1,"26":1,"27":1,"28":1,"29":1,"30":1,"31":4,"32":4,"33":4,"34":4,"35":3,"36":3,"37":3,"38":3,"39":3,"40":3,"41":3,"42":4,"43":4,"44":4,"45":4,"46":4,"47":4,"48":1,"49":1,"50":1,"51":1,"52":1,"53":1,"54":1,"55":1,"56":4,"57":4,"58":4,"59":4,"60":3,"61":3,"62":3,"63":1,"64":1,"65":1,"66":1,"67":1,"68":1,"69":1,"70":1,"71":32,"72":32,"73":32,"74":17,"75":32,"76":11,"77":10,"78":10,"79":6,"80":6,"81":6},"branchMap":{"0":{"type":"branch","line":7,"loc":{"start":{"line":7,"column":7},"end":{"line":22,"column":1}},"locations":[{"start":{"line":7,"column":7},"end":{"line":22,"column":1}}]},"1":{"type":"branch","line":9,"loc":{"start":{"line":9,"column":37},"end":{"line":19,"column":3}},"locations":[{"start":{"line":9,"column":37},"end":{"line":19,"column":3}}]},"2":{"type":"branch","line":10,"loc":{"start":{"line":10,"column":14},"end":{"line":10,"column":25}},"locations":[{"start":{"line":10,"column":14},"end":{"line":10,"column":25}}]},"3":{"type":"branch","line":10,"loc":{"start":{"line":10,"column":21},"end":{"line":14,"column":50}},"locations":[{"start":{"line":10,"column":21},"end":{"line":14,"column":50}}]},"4":{"type":"branch","line":14,"loc":{"start":{"line":14,"column":27},"end":{"line":14,"column":50}},"locations":[{"start":{"line":14,"column":27},"end":{"line":14,"column":50}}]},"5":{"type":"branch","line":14,"loc":{"start":{"line":14,"column":48},"end":{"line":15,"column":22}},"locations":[{"start":{"line":14,"column":48},"end":{"line":15,"column":22}}]},"6":{"type":"branch","line":16,"loc":{"start":{"line":16,"column":6},"end":{"line":16,"column":23}},"locations":[{"start":{"line":16,"column":6},"end":{"line":16,"column":23}}]},"7":{"type":"branch","line":16,"loc":{"start":{"line":16,"column":13},"end":{"line":19,"column":3}},"locations":[{"start":{"line":16,"column":13},"end":{"line":19,"column":3}}]},"8":{"type":"branch","line":19,"loc":{"start":{"line":19,"column":2},"end":{"line":22,"column":1}},"locations":[{"start":{"line":19,"column":2},"end":{"line":22,"column":1}}]},"9":{"type":"branch","line":31,"loc":{"start":{"line":31,"column":7},"end":{"line":48,"column":1}},"locations":[{"start":{"line":31,"column":7},"end":{"line":48,"column":1}}]},"10":{"type":"branch","line":35,"loc":{"start":{"line":35,"column":44},"end":{"line":42,"column":3}},"locations":[{"start":{"line":35,"column":44},"end":{"line":42,"column":3}}]},"11":{"type":"branch","line":37,"loc":{"start":{"line":37,"column":14},"end":{"line":37,"column":23}},"locations":[{"start":{"line":37,"column":14},"end":{"line":37,"column":23}}]},"12":{"type":"branch","line":39,"loc":{"start":{"line":39,"column":20},"end":{"line":39,"column":59}},"locations":[{"start":{"line":39,"column":20},"end":{"line":39,"column":59}}]},"13":{"type":"branch","line":39,"loc":{"start":{"line":39,"column":59},"end":{"line":39,"column":77}},"locations":[{"start":{"line":39,"column":59},"end":{"line":39,"column":77}}]},"14":{"type":"branch","line":56,"loc":{"start":{"line":56,"column":7},"end":{"line":63,"column":1}},"locations":[{"start":{"line":56,"column":7},"end":{"line":63,"column":1}}]},"15":{"type":"branch","line":60,"loc":{"start":{"line":60,"column":7},"end":{"line":60,"column":27}},"locations":[{"start":{"line":60,"column":7},"end":{"line":60,"column":27}}]},"16":{"type":"branch","line":60,"loc":{"start":{"line":60,"column":27},"end":{"line":60,"column":61}},"locations":[{"start":{"line":60,"column":27},"end":{"line":60,"column":61}}]},"17":{"type":"branch","line":60,"loc":{"start":{"line":60,"column":34},"end":{"line":63,"column":1}},"locations":[{"start":{"line":60,"column":34},"end":{"line":63,"column":1}}]},"18":{"type":"branch","line":71,"loc":{"start":{"line":71,"column":7},"end":{"line":82,"column":1}},"locations":[{"start":{"line":71,"column":7},"end":{"line":82,"column":1}}]},"19":{"type":"branch","line":72,"loc":{"start":{"line":72,"column":21},"end":{"line":72,"column":33}},"locations":[{"start":{"line":72,"column":21},"end":{"line":72,"column":33}}]},"20":{"type":"branch","line":72,"loc":{"start":{"line":72,"column":28},"end":{"line":73,"column":42}},"locations":[{"start":{"line":72,"column":28},"end":{"line":73,"column":42}}]},"21":{"type":"branch","line":73,"loc":{"start":{"line":73,"column":35},"end":{"line":73,"column":48}},"locations":[{"start":{"line":73,"column":35},"end":{"line":73,"column":48}}]},"22":{"type":"branch","line":73,"loc":{"start":{"line":73,"column":42},"end":{"line":74,"column":38}},"locations":[{"start":{"line":73,"column":42},"end":{"line":74,"column":38}}]},"23":{"type":"branch","line":74,"loc":{"start":{"line":74,"column":38},"end":{"line":74,"column":51}},"locations":[{"start":{"line":74,"column":38},"end":{"line":74,"column":51}}]},"24":{"type":"branch","line":74,"loc":{"start":{"line":74,"column":45},"end":{"line":76,"column":32}},"locations":[{"start":{"line":74,"column":45},"end":{"line":76,"column":32}}]},"25":{"type":"branch","line":76,"loc":{"start":{"line":76,"column":32},"end":{"line":79,"column":3}},"locations":[{"start":{"line":76,"column":32},"end":{"line":79,"column":3}}]},"26":{"type":"branch","line":77,"loc":{"start":{"line":77,"column":37},"end":{"line":77,"column":50}},"locations":[{"start":{"line":77,"column":37},"end":{"line":77,"column":50}}]},"27":{"type":"branch","line":77,"loc":{"start":{"line":77,"column":44},"end":{"line":79,"column":3}},"locations":[{"start":{"line":77,"column":44},"end":{"line":79,"column":3}}]},"28":{"type":"branch","line":79,"loc":{"start":{"line":79,"column":2},"end":{"line":82,"column":1}},"locations":[{"start":{"line":79,"column":2},"end":{"line":82,"column":1}}]},"29":{"type":"branch","line":78,"loc":{"start":{"line":78,"column":35},"end":{"line":78,"column":72}},"locations":[{"start":{"line":78,"column":35},"end":{"line":78,"column":72}}]}},"b":{"0":[13],"1":[23],"2":[2],"3":[21],"4":[2],"5":[21],"6":[3],"7":[18],"8":[8],"9":[4],"10":[3],"11":[0],"12":[2],"13":[1],"14":[4],"15":[3],"16":[1],"17":[3],"18":[32],"19":[14],"20":[18],"21":[1],"22":[17],"23":[0],"24":[17],"25":[11],"26":[1],"27":[10],"28":[6],"29":[17]},"fnMap":{"0":{"name":"get","decl":{"start":{"line":7,"column":7},"end":{"line":22,"column":1}},"loc":{"start":{"line":7,"column":7},"end":{"line":22,"column":1}},"line":7},"1":{"name":"set","decl":{"start":{"line":31,"column":7},"end":{"line":48,"column":1}},"loc":{"start":{"line":31,"column":7},"end":{"line":48,"column":1}},"line":31},"2":{"name":"del","decl":{"start":{"line":56,"column":7},"end":{"line":63,"column":1}},"loc":{"start":{"line":56,"column":7},"end":{"line":63,"column":1}},"line":56},"3":{"name":"isEquals","decl":{"start":{"line":71,"column":7},"end":{"line":82,"column":1}},"loc":{"start":{"line":71,"column":7},"end":{"line":82,"column":1}},"line":71}},"f":{"0":13,"1":4,"2":4,"3":32}}
}
